current directory: /Users/shidamasataka/rails_tutorial/environment/toy_app/vender/bundle/gems/puma-3.11.0/ext/puma_http11
/Users/shidamasataka/.anyenv/envs/rbenv/versions/2.4.0/bin/ruby -r ./siteconf20171231-85921-gem4y4.rb extconf.rb
checking for BIO_read() in -lcrypto... yes
checking for SSL_CTX_new() in -lssl... yes
checking for openssl/bio.h... yes
creating Makefile

To see why this extension failed to compile, please check the mkmf.log which can be found here:

  /Users/shidamasataka/rails_tutorial/environment/toy_app/vender/bundle/extensions/x86_64-darwin-16/2.4.0-static/puma-3.11.0/mkmf.log

current directory: /Users/shidamasataka/rails_tutorial/environment/toy_app/vender/bundle/gems/puma-3.11.0/ext/puma_http11
make "DESTDIR=" clean

current directory: /Users/shidamasataka/rails_tutorial/environment/toy_app/vender/bundle/gems/puma-3.11.0/ext/puma_http11
make "DESTDIR="
compiling http11_parser.c
compiling io_buffer.c
compiling mini_ssl.c
compiling puma_http11.c
linking shared-object puma/puma_http11.bundle

current directory: /Users/shidamasataka/rails_tutorial/environment/toy_app/vender/bundle/gems/puma-3.11.0/ext/puma_http11
make "DESTDIR=" install
/usr/bin/install -c -m 0755 puma_http11.bundle ./.gem.20171231-85921-a033wr/puma
